mode: set
github.com/CS-PCockrill/bookings-app/internal/handlers/handlers.go:23.48,27.2 1 1
github.com/CS-PCockrill/bookings-app/internal/handlers/handlers.go:30.33,32.2 1 1
github.com/CS-PCockrill/bookings-app/internal/handlers/handlers.go:35.67,40.2 3 1
github.com/CS-PCockrill/bookings-app/internal/handlers/handlers.go:43.68,55.2 5 1
github.com/CS-PCockrill/bookings-app/internal/handlers/handlers.go:58.74,67.2 4 1
github.com/CS-PCockrill/bookings-app/internal/handlers/handlers.go:70.78,72.16 2 1
github.com/CS-PCockrill/bookings-app/internal/handlers/handlers.go:77.2,90.19 6 1
github.com/CS-PCockrill/bookings-app/internal/handlers/handlers.go:101.2,102.66 2 1
github.com/CS-PCockrill/bookings-app/internal/handlers/handlers.go:72.16,76.3 2 0
github.com/CS-PCockrill/bookings-app/internal/handlers/handlers.go:90.19,99.3 4 0
github.com/CS-PCockrill/bookings-app/internal/handlers/handlers.go:106.71,108.2 1 1
github.com/CS-PCockrill/bookings-app/internal/handlers/handlers.go:111.69,113.2 1 1
github.com/CS-PCockrill/bookings-app/internal/handlers/handlers.go:116.75,118.2 1 1
github.com/CS-PCockrill/bookings-app/internal/handlers/handlers.go:120.79,124.2 3 1
github.com/CS-PCockrill/bookings-app/internal/handlers/handlers.go:131.79,137.16 3 1
github.com/CS-PCockrill/bookings-app/internal/handlers/handlers.go:141.2,143.14 3 1
github.com/CS-PCockrill/bookings-app/internal/handlers/handlers.go:137.16,139.3 1 0
github.com/CS-PCockrill/bookings-app/internal/handlers/handlers.go:147.70,149.2 1 1
github.com/CS-PCockrill/bookings-app/internal/handlers/handlers.go:151.81,153.9 2 1
github.com/CS-PCockrill/bookings-app/internal/handlers/handlers.go:160.2,166.7 4 0
github.com/CS-PCockrill/bookings-app/internal/handlers/handlers.go:153.9,158.3 4 1
